#
# There is insufficient memory for the Java Runtime Environment to continue.
# Native memory allocation (mmap) failed to map 264241152 bytes for G1 virtual space
# Possible reasons:
#   The system is out of physical RAM or swap space
#   The process is running with CompressedOops enabled, and the Java Heap may be blocking the growth of the native heap
# Possible solutions:
#   Reduce memory load on the system
#   Increase physical memory or swap space
#   Check if swap backing store is full
#   Decrease Java heap size (-Xmx/-Xms)
#   Decrease number of Java threads
#   Decrease Java thread stack sizes (-Xss)
#   Set larger code cache with -XX:ReservedCodeCacheSize=
#   JVM is running with Zero Based Compressed Oops mode in which the Java heap is
#     placed in the first 32GB address space. The Java Heap base address is the
#     maximum limit for the native heap growth. Please use -XX:HeapBaseMinAddress
#     to set the Java Heap base and to place the Java Heap above 32GB virtual address.
# This output file may be truncated or incomplete.
#
#  Out of Memory Error (os_windows.cpp:3600), pid=105440, tid=93784
#
# JRE version:  (21.0+35) (build )
# Java VM: Java HotSpot(TM) 64-Bit Server VM (21+35-LTS-2513, mixed mode, sharing, tiered, compressed oops, compressed class ptrs, g1 gc, windows-amd64)
# No core dump will be written. Minidumps are not enabled by default on client versions of Windows
#

---------------  S U M M A R Y ------------

Command Line: -Dmaven.multiModuleProjectDirectory=C:\Users\huseyin.mutlu\Desktop\spring-exampleV2 -Djansi.passthrough=true -Dmaven.home=C:\Program Files\JetBrains\IntelliJ IDEA 2023.1.4\plugins\maven\lib\maven3 -Dclassworlds.conf=C:\Program Files\JetBrains\IntelliJ IDEA 2023.1.4\plugins\maven\lib\maven3\bin\m2.conf -Dmaven.ext.class.path=C:\Program Files\JetBrains\IntelliJ IDEA 2023.1.4\plugins\maven\lib\maven-event-listener.jar -javaagent:C:\Program Files\JetBrains\IntelliJ IDEA 2023.1.4\lib\idea_rt.jar=49347:C:\Program Files\JetBrains\IntelliJ IDEA 2023.1.4\bin -Dfile.encoding=UTF-8 -Dsun.stdout.encoding=UTF-8 -Dsun.stderr.encoding=UTF-8 org.codehaus.classworlds.Launcher -Didea.version=2023.1.4 clean

Host: 11th Gen Intel(R) Core(TM) i7-11850H @ 2.50GHz, 16 cores, 15G,  Windows 10 , 64 bit Build 19041 (10.0.19041.3393)
Time: Fri Oct  6 13:33:47 2023 Türkiye Standart Saati elapsed time: 0.028688 seconds (0d 0h 0m 0s)

---------------  T H R E A D  ---------------

Current thread (0x0000023fa8ea9580):  JavaThread "Unknown thread" [_thread_in_vm, id=93784, stack(0x0000006a0d600000,0x0000006a0d700000) (1024K)]

Stack: [0x0000006a0d600000,0x0000006a0d700000]
Native frames: (J=compiled Java code, j=interpreted, Vv=VM code, C=native code)
V  [jvm.dll+0x6c8d39]
V  [jvm.dll+0x854091]
V  [jvm.dll+0x85630e]
V  [jvm.dll+0x8569e3]
V  [jvm.dll+0x2809a6]
V  [jvm.dll+0x6c5425]
V  [jvm.dll+0x6b9e1a]
V  [jvm.dll+0x3555ba]
V  [jvm.dll+0x35d206]
V  [jvm.dll+0x3adf6e]
V  [jvm.dll+0x3ae218]
V  [jvm.dll+0x328fcc]
V  [jvm.dll+0x329b5b]
V  [jvm.dll+0x81c699]
V  [jvm.dll+0x3bb2a1]
V  [jvm.dll+0x805688]
V  [jvm.dll+0x44ed9e]
V  [jvm.dll+0x4506a1]
C  [jli.dll+0x52a3]
C  [ucrtbase.dll+0x21bb2]
C  [KERNEL32.DLL+0x17344]
C  [ntdll.dll+0x526b1]


---------------  P R O C E S S  ---------------

Threads class SMR info:
_java_thread_list=0x00007ffb2f7e7b48, length=0, elements={
}

Java Threads: ( => current thread )
Total: 0

Other Threads:
  0x0000023fa8611e70 WorkerThread "GC Thread#0"                     [id=88516, stack(0x0000006a0d700000,0x0000006a0d800000) (1024K)]
  0x0000023fa861eb10 ConcurrentGCThread "G1 Main Marker"            [id=103216, stack(0x0000006a0d800000,0x0000006a0d900000) (1024K)]
  0x0000023fa8eae490 WorkerThread "G1 Conc#0"                       [id=88184, stack(0x0000006a0d900000,0x0000006a0da00000) (1024K)]

[error occurred during error reporting (printing all threads), id 0xc0000005, EXCEPTION_ACCESS_VIOLATION (0xc0000005) at pc=0x00007ffb2ef5c097]
VM state: not at safepoint (not fully initialized)

VM Mutex/Monitor currently owned by a thread:  ([mutex/lock_event])
[0x00007ffb2f858648] Heap_lock - owner thread: 0x0000023fa8ea9580

Heap address: 0x0000000704400000, size: 4028 MB, Compressed Oops mode: Zero based, Oop shift amount: 3

CDS archive(s) mapped at: [0x0000000000000000-0x0000000000000000-0x0000000000000000), size 0, SharedBaseAddress: 0x0000000800000000, ArchiveRelocationMode: 1.
Narrow klass base: 0x0000000000000000, Narrow klass shift: 0, Narrow klass range: 0x0

GC Precious Log:
 CardTable entry size: 512
 Card Set container configuration: InlinePtr #cards 4 size 8 Array Of Cards #cards 16 size 48 Howl #buckets 8 coarsen threshold 3686 Howl Bitmap #cards 512 size 80 coarsen threshold 460 Card regions per heap region 1 cards per card region 4096

Heap:
 garbage-first heap   total 0K, used 0K [0x0000000704400000, 0x0000000800000000)
  region size 2048K, 0 young (0K), 0 survivors (0K)

[error occurred during error reporting (printing heap information), id 0xc0000005, EXCEPTION_ACCESS_VIOLATION (0xc0000005) at pc=0x00007ffb2f341939]
GC Heap History (0 events):
No events

Dll operation events (1 events):
Event: 0.021 Loaded shared library C:\Program Files\Java\jdk-21\bin\java.dll

Deoptimization events (0 events):
No events

Classes loaded (0 events):
No events

Classes unloaded (0 events):
No events

Classes redefined (0 events):
No events

Internal exceptions (0 events):
No events

ZGC Phase Switch (0 events):
No events

VM Operations (0 events):
No events

Events (0 events):
No events


Dynamic libraries:
0x00007ff7c0930000 - 0x00007ff7c0940000 	C:\Program Files\Java\jdk-21\bin\java.exe
0x00007ffbbcc50000 - 0x00007ffbbce48000 	C:\Windows\SYSTEM32\ntdll.dll
0x00007ffbbcb50000 - 0x00007ffbbcc0d000 	C:\Windows\System32\KERNEL32.DLL
0x00007ffbba8b0000 - 0x00007ffbbaba6000 	C:\Windows\System32\KERNELBASE.dll
0x00007ffbbabb0000 - 0x00007ffbbacb0000 	C:\Windows\System32\ucrtbase.dll
0x00007ffb8b990000 - 0x00007ffb8b9a9000 	C:\Program Files\Java\jdk-21\bin\jli.dll
0x00007ffbbacc0000 - 0x00007ffbbad6e000 	C:\Windows\System32\ADVAPI32.dll
0x00007ffbbc6b0000 - 0x00007ffbbc74e000 	C:\Windows\System32\msvcrt.dll
0x00007ffbbb750000 - 0x00007ffbbb7ec000 	C:\Windows\System32\sechost.dll
0x00007ffbbb850000 - 0x00007ffbbb976000 	C:\Windows\System32\RPCRT4.dll
0x00007ffbbade0000 - 0x00007ffbbaf7e000 	C:\Windows\System32\USER32.dll
0x00007ffbba520000 - 0x00007ffbba542000 	C:\Windows\System32\win32u.dll
0x00007ffbbba20000 - 0x00007ffbbba4c000 	C:\Windows\System32\GDI32.dll
0x00007ffbba630000 - 0x00007ffbba74a000 	C:\Windows\System32\gdi32full.dll
0x00007ffbba3a0000 - 0x00007ffbba43d000 	C:\Windows\System32\msvcp_win.dll
0x00007ffb83550000 - 0x00007ffb8356b000 	C:\Program Files\Java\jdk-21\bin\VCRUNTIME140.dll
0x00007ffbb88e0000 - 0x00007ffbb8b7a000 	C:\Windows\WinSxS\amd64_microsoft.windows.common-controls_6595b64144ccf1df_6.0.19041.1110_none_60b5254171f9507e\COMCTL32.dll
0x00007ffbb02b0000 - 0x00007ffbb02ba000 	C:\Windows\SYSTEM32\VERSION.dll
0x00007ffbbb980000 - 0x00007ffbbb9b0000 	C:\Windows\System32\IMM32.DLL
0x00007ffb6eb80000 - 0x00007ffb6f1f2000 	C:\Program Files\McAfee\DLP\Agent\fcagpph64.dll
0x00007ffbbba50000 - 0x00007ffbbc194000 	C:\Windows\System32\SHELL32.dll
0x00007ffbbc820000 - 0x00007ffbbc94a000 	C:\Windows\System32\ole32.dll
0x00007ffbbc2c0000 - 0x00007ffbbc614000 	C:\Windows\System32\combase.dll
0x00007ffbbcaf0000 - 0x00007ffbbcb45000 	C:\Windows\System32\SHLWAPI.dll
0x00007ffbbad70000 - 0x00007ffbbaddb000 	C:\Windows\System32\WS2_32.dll
0x00007ffbbc750000 - 0x00007ffbbc81d000 	C:\Windows\System32\OLEAUT32.dll
0x00007ffb79610000 - 0x00007ffb796ad000 	C:\Windows\SYSTEM32\WINSPOOL.DRV
0x00007ffbbca40000 - 0x00007ffbbcaed000 	C:\Windows\System32\shcore.dll
0x00007ffbba1e0000 - 0x00007ffbba212000 	C:\Windows\SYSTEM32\SspiCli.dll
0x00007ffbb9470000 - 0x00007ffbb94a3000 	C:\Windows\SYSTEM32\ntmarta.dll
0x00007ffb6ab20000 - 0x00007ffb6affe000 	C:\Program Files\McAfee\DLP\Agent\fcagafa64.dll
0x00007ffb6a350000 - 0x00007ffb6a9a2000 	C:\Program Files\McAfee\DLP\Agent\fcagcbh64.dll
0x00007ffbab470000 - 0x00007ffbab514000 	C:\Program Files\McAfee\Endpoint Security\Threat Prevention\Ips\EpMPApi.dll
0x00007ffbba330000 - 0x00007ffbba397000 	C:\Windows\System32\WINTRUST.dll
0x00007ffbba750000 - 0x00007ffbba8ad000 	C:\Windows\System32\CRYPT32.dll
0x00007ffbb9f00000 - 0x00007ffbb9f12000 	C:\Windows\SYSTEM32\MSASN1.dll
0x00000000574e0000 - 0x00000000574ec000 	C:\Program Files\McAfee\Endpoint Security\Threat Prevention\Ips\EpMPThe.dll
0x00007ffbabae0000 - 0x00007ffbabb3b000 	C:\Program Files\McAfee\Endpoint Security\Threat Prevention\Ips\HIPHandlers64.dll
0x00007ffbb7e30000 - 0x00007ffbb8014000 	C:\Windows\SYSTEM32\dbghelp.dll
0x00007ffb8f9d0000 - 0x00007ffb8f9dc000 	C:\Program Files\Java\jdk-21\bin\vcruntime140_1.dll
0x00007ffb77cc0000 - 0x00007ffb77d4e000 	C:\Program Files\Java\jdk-21\bin\msvcp140.dll
0x00007ffb2ec20000 - 0x00007ffb2f933000 	C:\Program Files\Java\jdk-21\bin\server\jvm.dll
0x00007ffbb98a0000 - 0x00007ffbb98eb000 	C:\Windows\SYSTEM32\POWRPROF.dll
0x00007ffb914f0000 - 0x00007ffb91517000 	C:\Windows\SYSTEM32\WINMM.dll
0x00007ffbb9710000 - 0x00007ffbb9722000 	C:\Windows\SYSTEM32\UMPDC.dll
0x00007ffbb82d0000 - 0x00007ffbb82e2000 	C:\Windows\SYSTEM32\kernel.appcore.dll
0x00007ffb8dc00000 - 0x00007ffb8dc0a000 	C:\Program Files\Java\jdk-21\bin\jimage.dll
0x00007ffbae240000 - 0x00007ffbae274000 	C:\Windows\SYSTEM32\dbgcore.DLL
0x00007ffbba440000 - 0x00007ffbba4c2000 	C:\Windows\System32\bcryptPrimitives.dll
0x00007ffbaffd0000 - 0x00007ffbaffdf000 	C:\Program Files\Java\jdk-21\bin\instrument.dll
0x00007ffb7db80000 - 0x00007ffb7db9f000 	C:\Program Files\Java\jdk-21\bin\java.dll

dbghelp: loaded successfully - version: 4.0.5 - missing functions: none
symbol engine: initialized successfully - sym options: 0x614 - pdb path: .;C:\Program Files\Java\jdk-21\bin;C:\Windows\SYSTEM32;C:\Windows\WinSxS\amd64_microsoft.windows.common-controls_6595b64144ccf1df_6.0.19041.1110_none_60b5254171f9507e;C:\Program Files\McAfee\DLP\Agent;C:\Program Files\McAfee\Endpoint Security\Threat Prevention\Ips;C:\Program Files\Java\jdk-21\bin\server

VM Arguments:
jvm_args: -Dmaven.multiModuleProjectDirectory=C:\Users\huseyin.mutlu\Desktop\spring-exampleV2 -Djansi.passthrough=true -Dmaven.home=C:\Program Files\JetBrains\IntelliJ IDEA 2023.1.4\plugins\maven\lib\maven3 -Dclassworlds.conf=C:\Program Files\JetBrains\IntelliJ IDEA 2023.1.4\plugins\maven\lib\maven3\bin\m2.conf -Dmaven.ext.class.path=C:\Program Files\JetBrains\IntelliJ IDEA 2023.1.4\plugins\maven\lib\maven-event-listener.jar -javaagent:C:\Program Files\JetBrains\IntelliJ IDEA 2023.1.4\lib\idea_rt.jar=49347:C:\Program Files\JetBrains\IntelliJ IDEA 2023.1.4\bin -Dfile.encoding=UTF-8 -Dsun.stdout.encoding=UTF-8 -Dsun.stderr.encoding=UTF-8 
java_command: org.codehaus.classworlds.Launcher -Didea.version=2023.1.4 clean
java_class_path (initial): C:\Program Files\JetBrains\IntelliJ IDEA 2023.1.4\plugins\maven\lib\maven3\boot\plexus-classworlds-2.6.0.jar;C:\Program Files\JetBrains\IntelliJ IDEA 2023.1.4\plugins\maven\lib\maven3\boot\plexus-classworlds.license
Launcher Type: SUN_STANDARD

[Global flags]
     intx CICompilerCount                          = 12                                        {product} {ergonomic}
     uint ConcGCThreads                            = 3                                         {product} {ergonomic}
     uint G1ConcRefinementThreads                  = 13                                        {product} {ergonomic}
   size_t G1HeapRegionSize                         = 2097152                                   {product} {ergonomic}
    uintx GCDrainStackTargetSize                   = 64                                        {product} {ergonomic}
   size_t InitialHeapSize                          = 264241152                                 {product} {ergonomic}
   size_t MarkStackSize                            = 4194304                                   {product} {ergonomic}
   size_t MaxHeapSize                              = 4223664128                                {product} {ergonomic}
   size_t MinHeapDeltaBytes                        = 2097152                                   {product} {ergonomic}
   size_t MinHeapSize                              = 8388608                                   {product} {ergonomic}
    uintx NonNMethodCodeHeapSize                   = 7602480                                {pd product} {ergonomic}
    uintx NonProfiledCodeHeapSize                  = 122027880                              {pd product} {ergonomic}
    uintx ProfiledCodeHeapSize                     = 122027880                              {pd product} {ergonomic}
    uintx ReservedCodeCacheSize                    = 251658240                              {pd product} {ergonomic}
     bool SegmentedCodeCache                       = true                                      {product} {ergonomic}
   size_t SoftMaxHeapSize                          = 4223664128                             {manageable} {ergonomic}
     bool UseCompressedOops                        = true                           {product lp64_product} {ergonomic}
     bool UseG1GC                                  = true                                      {product} {ergonomic}
     bool UseLargePagesIndividualAllocation        = false                                  {pd product} {ergonomic}

Logging:
Log output configuration:
 #0: stdout all=warning uptime,level,tags foldmultilines=false
 #1: stderr all=off uptime,level,tags foldmultilines=false

Environment Variables:
PATH=C:\Program Files\Common Files\Oracle\Java\javapath;C:\Program Files (x86)\Common Files\Oracle\Java\javapath;C:\Windows\system32;C:\Windows;C:\Windows\System32\Wbem;C:\Windows\System32\WindowsPowerShell\v1.0\;C:\Windows\System32\OpenSSH\;C:\Program Files\dotnet\;C:\Program Files\Git\cmd;C:\Program Files\JMeter\bin;%JAVA_HOME%\bin;C:\Program Files\nodejs\;C:\Program Files\Docker\Docker\resources\bin;C:\Users\Administrator\AppData\Local\Microsoft\WindowsApps;C:\Program Files\JetBrains\DataGrip 2023.1.2\bin;C:\Users\Administrator\.dotnet\tools;C:\Users\Administrator\AppData\Roaming\npm;C:\Users\Administrator\AppData\Local\Programs\Microsoft VS Code\bin;C:\Users\Administrator\AppData\Local\JetBrains\Toolbox\scripts
USERNAME=huseyin.mutlu
OS=Windows_NT
PROCESSOR_IDENTIFIER=Intel64 Family 6 Model 141 Stepping 1, GenuineIntel
TMP=C:\Users\HUSEYI~1.MUT\AppData\Local\Temp
TEMP=C:\Users\HUSEYI~1.MUT\AppData\Local\Temp




---------------  S Y S T E M  ---------------

OS:
 Windows 10 , 64 bit Build 19041 (10.0.19041.3393)
OS uptime: 3 days 20:09 hours
Hyper-V role detected

CPU: total 16 (initial active 16) (8 cores per cpu, 2 threads per core) family 6 model 141 stepping 1 microcode 0x46, cx8, cmov, fxsr, ht, mmx, 3dnowpref, sse, sse2, sse3, ssse3, sse4.1, sse4.2, popcnt, lzcnt, tsc, tscinvbit, avx, avx2, aes, erms, clmul, bmi1, bmi2, adx, avx512f, avx512dq, avx512cd, avx512bw, avx512vl, sha, fma, vzeroupper, avx512_vpopcntdq, avx512_vpclmulqdq, avx512_vaes, avx512_vnni, clflush, clflushopt, clwb, avx512_vbmi2, avx512_vbmi, hv, rdtscp, rdpid, fsrm, gfni, avx512_bitalg, f16c, cet_ibt, cet_ss, avx512_ifma
Processor Information for all 16 processors :
  Max Mhz: 2496, Current Mhz: 2496, Mhz Limit: 2496

Memory: 4k page, system-wide physical 16110M (494M free)
TotalPageFile size 65262M (AvailPageFile size 226M)
current process WorkingSet (physical memory assigned to process): 18M, peak: 18M
current process commit charge ("private bytes"): 82M, peak: 334M

vm_info: Java HotSpot(TM) 64-Bit Server VM (21+35-LTS-2513) for windows-amd64 JRE (21+35-LTS-2513), built on 2023-08-09T20:25:10Z by "mach5one" with MS VC++ 17.1 (VS2022)

END.
